<?xml version="1.0" encoding="UTF-8"?>
<!-- Generated by org.testng.reporters.JUnitXMLReporter -->
<testsuite hostname="MBP-Dmitriy" ignored="0" name="Surefire test" tests="4" failures="0" timestamp="21 авг 2017 06:17:52 GMT" time="0.022" errors="0">
  <testcase name="subtract_test_2_param" time="0.007" classname="core.SubtractTest"/>
  <testcase name="subtract_test_3_param" time="0.0" classname="core.SubtractTest"/>
  <testcase name="subtract_test_4_param" time="0.0" classname="core.SubtractTest"/>
  <testcase name="subtract_test_instanceOf" time="0.001" classname="core.SubtractTest"/>
</testsuite> <!-- Surefire test -->
