<?xml version="1.0" encoding="UTF-8"?>
<testng-results skipped="0" failed="0" ignored="0" total="4" passed="4">
  <reporter-output>
  </reporter-output>
  <suite name="Surefire suite" duration-ms="22" started-at="2017-08-21T06:17:52Z" finished-at="2017-08-21T06:17:52Z">
    <groups>
    </groups>
    <test name="Surefire test" duration-ms="22" started-at="2017-08-21T06:17:52Z" finished-at="2017-08-21T06:17:52Z">
      <class name="core.SubtractTest">
        <test-method status="PASS" signature="subtract_test_2_param()[pri:0, instance:core.SubtractTest@2812cbfa]" name="subtract_test_2_param" duration-ms="7" started-at="2017-08-20T23:17:52Z" finished-at="2017-08-20T23:17:52Z">
          <reporter-output>
          </reporter-output>
        </test-method> <!-- subtract_test_2_param -->
        <test-method status="PASS" signature="subtract_test_3_param()[pri:0, instance:core.SubtractTest@2812cbfa]" name="subtract_test_3_param" duration-ms="0" started-at="2017-08-20T23:17:52Z" finished-at="2017-08-20T23:17:52Z">
          <reporter-output>
          </reporter-output>
        </test-method> <!-- subtract_test_3_param -->
        <test-method status="PASS" signature="subtract_test_instanceOf()[pri:0, instance:core.SubtractTest@2812cbfa]" name="subtract_test_instanceOf" duration-ms="1" started-at="2017-08-20T23:17:52Z" finished-at="2017-08-20T23:17:52Z">
          <reporter-output>
          </reporter-output>
        </test-method> <!-- subtract_test_instanceOf -->
        <test-method status="PASS" signature="subtract_test_4_param()[pri:0, instance:core.SubtractTest@2812cbfa]" name="subtract_test_4_param" duration-ms="0" started-at="2017-08-20T23:17:52Z" finished-at="2017-08-20T23:17:52Z">
          <reporter-output>
          </reporter-output>
        </test-method> <!-- subtract_test_4_param -->
      </class> <!-- core.SubtractTest -->
    </test> <!-- Surefire test -->
  </suite> <!-- Surefire suite -->
</testng-results>
